<?xml version="1.0" encoding="UTF-8"?>
<!-- Generated by org.testng.reporters.JUnitReportReporter -->
<testsuite skipped="0" hostname="Aswins-Air" name="com.adactin.Mobileapphoteladactin1.tests.BookHotel_BlankFields" tests="1" failures="0" timestamp="2020-07-24T11:53:30 AEST" time="43.492" errors="0">
  <testcase name="User_is_able_to_view_error_Book_No_Input" time="43.492" classname="com.adactin.Mobileapphoteladactin1.tests.BookHotel_BlankFields"/>
  <system-out/>
</testsuite> <!-- com.adactin.Mobileapphoteladactin1.tests.BookHotel_BlankFields -->
