<?xml version="1.0" encoding="UTF-8"?>
<!-- Generated by org.testng.reporters.JUnitReportReporter -->
<testsuite skipped="0" hostname="Aswins-Air" name="com.adactin.Mobileapphoteladactin1.tests.ViewItineraryVerification" tests="1" failures="0" timestamp="2020-07-28T15:07:22 AEST" time="17.238" errors="0">
  <testcase name="User_is_able_to_view_itinerary" time="17.238" classname="com.adactin.Mobileapphoteladactin1.tests.ViewItineraryVerification"/>
  <system-out/>
</testsuite> <!-- com.adactin.Mobileapphoteladactin1.tests.ViewItineraryVerification -->
