<?xml version="1.0" encoding="UTF-8"?>
<!-- Generated by org.testng.reporters.JUnitReportReporter -->
<testsuite skipped="0" hostname="Aswins-MacBook-Air.local" name="com.adactin.Mobileapphoteladactin.tests.ExitApp" tests="1" failures="0" timestamp="2020-08-05T13:40:04 AEST" time="11.233" errors="0">
  <testcase name="User_is_able_to_exit_the_application_when_he_clicks_on_the_back_button_of_the_phone" time="11.233" classname="com.adactin.Mobileapphoteladactin.tests.ExitApp"/>
  <system-out/>
</testsuite> <!-- com.adactin.Mobileapphoteladactin.tests.ExitApp -->
