<?xml version="1.0" encoding="UTF-8"?>
<!-- Generated by org.testng.reporters.JUnitReportReporter -->
<testsuite skipped="0" hostname="Aswins-MacBook-Air.local" name="com.adactin.Mobileapphoteladactin1.tests.ValidLoginVerificationTest" tests="1" failures="0" timestamp="2020-06-30T10:46:02 AEST" time="14.410" errors="0">
  <testcase name="MAHA_TC03_TC_ValidLoginVerificationTest" time="14.410" classname="com.adactin.Mobileapphoteladactin1.tests.ValidLoginVerificationTest"/>
  <system-out/>
</testsuite> <!-- com.adactin.Mobileapphoteladactin1.tests.ValidLoginVerificationTest -->
