<?xml version="1.0" encoding="UTF-8"?>
<!-- Generated by org.testng.reporters.JUnitReportReporter -->
<testsuite skipped="0" hostname="Aswins-MacBook-Air.local" name="com.adactin.Mobileapphoteladactin.tests.CheckoutDateCancelVerification" tests="1" failures="0" timestamp="2020-08-05T12:59:15 AEST" time="22.805" errors="0">
  <testcase name="User_should_be_able_to_click_the_Cancel_link_in_the_Check_out_Date_field" time="22.805" classname="com.adactin.Mobileapphoteladactin.tests.CheckoutDateCancelVerification"/>
  <system-out/>
</testsuite> <!-- com.adactin.Mobileapphoteladactin.tests.CheckoutDateCancelVerification -->
