<?xml version="1.0" encoding="UTF-8"?>
<!-- Generated by org.testng.reporters.JUnitReportReporter -->
<testsuite skipped="0" hostname="Aswins-MacBook-Air.local" name="com.adactin.Mobileapphoteladactin1.tests.ViewBookedHotelDetails" tests="1" failures="0" timestamp="2020-07-29T17:02:26 AEST" time="22.101" errors="0">
  <testcase name="User_is_able_to_view_itinerary" time="22.101" classname="com.adactin.Mobileapphoteladactin1.tests.ViewBookedHotelDetails"/>
  <system-out/>
</testsuite> <!-- com.adactin.Mobileapphoteladactin1.tests.ViewBookedHotelDetails -->
