<?xml version="1.0" encoding="UTF-8"?>
<!-- Generated by org.testng.reporters.JUnitReportReporter -->
<testsuite skipped="0" hostname="Aswins-MacBook-Air.local" name="com.adactin.Mobileapphoteladactin1.tests.SearchHotel_LocationHotelName" tests="1" failures="0" timestamp="2020-07-13T11:15:06 AEST" time="28.237" errors="0">
  <testcase name="User_is_able_to_search_hotel_with_location_and_hotelname" time="28.237" classname="com.adactin.Mobileapphoteladactin1.tests.SearchHotel_LocationHotelName"/>
  <system-out/>
</testsuite> <!-- com.adactin.Mobileapphoteladactin1.tests.SearchHotel_LocationHotelName -->
