<?xml version="1.0" encoding="UTF-8"?>
<!-- Generated by org.testng.reporters.JUnitReportReporter -->
<testsuite skipped="0" hostname="Aswins-Air" name="com.adactin.Mobileapphoteladactin.tests.LocationDropdownVerification" tests="1" failures="0" timestamp="2020-08-03T15:17:10 AEST" time="22.044" errors="0">
  <testcase name="User_is_able_to_view_the_drop_down_list_in_locations" time="22.044" classname="com.adactin.Mobileapphoteladactin.tests.LocationDropdownVerification"/>
  <system-out/>
</testsuite> <!-- com.adactin.Mobileapphoteladactin.tests.LocationDropdownVerification -->
