<?xml version="1.0" encoding="UTF-8"?>
<!-- Generated by org.testng.reporters.JUnitReportReporter -->
<testsuite skipped="0" hostname="Aswins-MacBook-Air.local" name="com.adactin.Mobileapphoteladactin.tests.LogoutVerification" tests="1" failures="0" timestamp="2020-08-05T12:59:45 AEST" time="17.741" errors="0">
  <testcase name="User_is_able_to_logout" time="17.741" classname="com.adactin.Mobileapphoteladactin.tests.LogoutVerification"/>
  <system-out/>
</testsuite> <!-- com.adactin.Mobileapphoteladactin.tests.LogoutVerification -->
