<?xml version="1.0" encoding="UTF-8"?>
<!-- Generated by org.testng.reporters.JUnitReportReporter -->
<testsuite skipped="0" hostname="Aswins-MacBook-Air.local" name="com.adactin.Mobileapphoteladactin1.tests.User_is_able_to_book_a_hotel" tests="1" failures="0" timestamp="2020-06-25T15:13:54 AEST" time="73.634" errors="0">
  <testcase name="User_is_able_to_book_a_hotel" time="73.634" classname="com.adactin.Mobileapphoteladactin1.tests.User_is_able_to_book_a_hotel"/>
  <system-out/>
</testsuite> <!-- com.adactin.Mobileapphoteladactin1.tests.User_is_able_to_book_a_hotel -->
