<?xml version="1.0" encoding="UTF-8"?>
<!-- Generated by org.testng.reporters.JUnitReportReporter -->
<testsuite skipped="0" hostname="Aswins-MacBook-Air.local" name="com.adactin.Mobileapphoteladactin.tests.BookingCancelationVerification" tests="1" failures="0" timestamp="2020-08-05T13:23:07 AEST" time="23.624" errors="0">
  <testcase name="User_is_able_to_cancel_a_hotel_booking" time="23.624" classname="com.adactin.Mobileapphoteladactin.tests.BookingCancelationVerification"/>
  <system-out/>
</testsuite> <!-- com.adactin.Mobileapphoteladactin.tests.BookingCancelationVerification -->
