<?xml version="1.0" encoding="UTF-8"?>
<!-- Generated by org.testng.reporters.JUnitReportReporter -->
<testsuite skipped="0" hostname="Aswins-Air" name="com.adactin.Mobileapphoteladactin.tests.BookedHotelDetailsGoback" tests="1" failures="0" timestamp="2020-08-06T13:14:26 AEST" time="22.579" errors="0">
  <testcase name="User_is_able_to_view_itinerary" time="22.579" classname="com.adactin.Mobileapphoteladactin.tests.BookedHotelDetailsGoback"/>
  <system-out/>
</testsuite> <!-- com.adactin.Mobileapphoteladactin.tests.BookedHotelDetailsGoback -->
