<?xml version="1.0" encoding="UTF-8"?>
<!-- Generated by org.testng.reporters.JUnitReportReporter -->
<testsuite skipped="0" hostname="Aswins-MacBook-Air.local" name="com.adactin.Mobileapphoteladactin.tests.RoomtypeDropdownVerification" tests="1" failures="0" timestamp="2020-08-05T12:58:40 AEST" time="16.563" errors="0">
  <testcase name="User_is_able_to_view_list_of_options_in_the_Room_Type_drop_down_menu" time="16.563" classname="com.adactin.Mobileapphoteladactin.tests.RoomtypeDropdownVerification"/>
  <system-out/>
</testsuite> <!-- com.adactin.Mobileapphoteladactin.tests.RoomtypeDropdownVerification -->
