<?xml version="1.0" encoding="UTF-8"?>
<!-- Generated by org.testng.reporters.JUnitReportReporter -->
<testsuite skipped="0" hostname="Aswins-MacBook-Air.local" name="com.adactin.Mobileapphoteladactin.tests.BookHotel_BlankFields" tests="1" failures="0" timestamp="2020-08-05T13:00:36 AEST" time="48.118" errors="0">
  <testcase name="User_is_able_to_view_error_Book_No_Input" time="48.118" classname="com.adactin.Mobileapphoteladactin.tests.BookHotel_BlankFields"/>
  <system-out/>
</testsuite> <!-- com.adactin.Mobileapphoteladactin.tests.BookHotel_BlankFields -->
