<?xml version="1.0" encoding="UTF-8"?>
<!-- Generated by org.testng.reporters.JUnitReportReporter -->
<testsuite skipped="0" hostname="Aswins-Air" name="com.adactin.Mobileapphoteladactin1.tests.SelectHotelVerification" tests="1" failures="0" timestamp="2020-07-24T12:59:10 AEST" time="44.082" errors="0">
  <testcase name="User_is_able_to_select_hotel" time="44.082" classname="com.adactin.Mobileapphoteladactin1.tests.SelectHotelVerification"/>
  <system-out/>
</testsuite> <!-- com.adactin.Mobileapphoteladactin1.tests.SelectHotelVerification -->
