<?xml version="1.0" encoding="UTF-8"?>
<!-- Generated by org.testng.reporters.JUnitReportReporter -->
<testsuite skipped="0" hostname="Aswins-MacBook-Air.local" name="com.adactin.Mobileapphoteladactin.tests.ViewItineraryVerification" tests="1" failures="0" timestamp="2020-08-05T12:59:20 AEST" time="18.333" errors="0">
  <testcase name="User_is_able_to_view_itinerary" time="18.333" classname="com.adactin.Mobileapphoteladactin.tests.ViewItineraryVerification"/>
  <system-out/>
</testsuite> <!-- com.adactin.Mobileapphoteladactin.tests.ViewItineraryVerification -->
