<?xml version="1.0" encoding="UTF-8"?>
<!-- Generated by org.testng.reporters.JUnitReportReporter -->
<testsuite skipped="0" hostname="Aswins-MacBook-Air.local" name="com.adactin.Mobileapphoteladactin.tests.ChildrenPerRoomVerification" tests="1" failures="0" timestamp="2020-08-05T13:00:11 AEST" time="19.546" errors="0">
  <testcase name="User_is_able_to_view_Children_per_room_list_in_the_children_per_room_drop_down_menu" time="19.546" classname="com.adactin.Mobileapphoteladactin.tests.ChildrenPerRoomVerification"/>
  <system-out/>
</testsuite> <!-- com.adactin.Mobileapphoteladactin.tests.ChildrenPerRoomVerification -->
