<?xml version="1.0" encoding="UTF-8"?>
<!-- Generated by org.testng.reporters.JUnitReportReporter -->
<testsuite skipped="0" hostname="Aswins-MacBook-Air.local" name="com.adactin.Mobileapphoteladactin.tests.SearchResultsScrollVerification" tests="1" failures="0" timestamp="2020-08-06T16:07:06 AEST" time="21.212" errors="0">
  <testcase name="User_is_able_to_scroll_up_down_the_search_results_of_the_search_hotel_screen" time="21.212" classname="com.adactin.Mobileapphoteladactin.tests.SearchResultsScrollVerification"/>
  <system-out/>
</testsuite> <!-- com.adactin.Mobileapphoteladactin.tests.SearchResultsScrollVerification -->
