<?xml version="1.0" encoding="UTF-8"?>
<!-- Generated by org.testng.reporters.JUnitReportReporter -->
<testsuite skipped="0" hostname="Aswins-Air" name="com.adactin.Mobileapphoteladactin1.tests.SearchHotel_AllFields" tests="1" failures="0" timestamp="2020-07-27T15:51:22 AEST" time="37.369" errors="0">
  <testcase name="MAHA_TC03_TC_SearchHotel_AllFieldsTest" time="37.369" classname="com.adactin.Mobileapphoteladactin1.tests.SearchHotel_AllFields"/>
  <system-out/>
</testsuite> <!-- com.adactin.Mobileapphoteladactin1.tests.SearchHotel_AllFields -->
