<?xml version="1.0" encoding="UTF-8"?>
<!-- Generated by org.testng.reporters.JUnitReportReporter -->
<testsuite skipped="0" hostname="Aswins-Air" name="com.adactin.Mobileapphoteladactin1.tests.BookHotel_BlankFields" tests="1" failures="0" timestamp="2020-07-27T15:51:22 AEST" time="40.479" errors="0">
  <testcase name="User_is_able_to_view_error_Book_No_Input" time="40.479" classname="com.adactin.Mobileapphoteladactin1.tests.BookHotel_BlankFields"/>
  <system-out/>
</testsuite> <!-- com.adactin.Mobileapphoteladactin1.tests.BookHotel_BlankFields -->
