<?xml version="1.0" encoding="UTF-8"?>
<!-- Generated by org.testng.reporters.JUnitReportReporter -->
<testsuite skipped="0" hostname="Aswins-Air" name="com.adactin.Mobileapphoteladactin.tests.SelectHotelGoBack" tests="1" failures="0" timestamp="2020-08-06T12:42:04 AEST" time="24.038" errors="0">
  <testcase name="User_is_able_to_go_back_to_the_search_hotel_home_page_by_clicking_on_the_back_arrow_link" time="24.038" classname="com.adactin.Mobileapphoteladactin.tests.SelectHotelGoBack"/>
  <system-out/>
</testsuite> <!-- com.adactin.Mobileapphoteladactin.tests.SelectHotelGoBack -->
