<?xml version="1.0" encoding="UTF-8"?>
<!-- Generated by org.testng.reporters.JUnitReportReporter -->
<testsuite skipped="0" hostname="Aswins-MacBook-Air.local" name="com.adactin.Mobileapphoteladactin1.tests.BlankLoginVerificationTest" tests="1" failures="0" timestamp="2020-06-30T10:46:07 AEST" time="17.853" errors="0">
  <testcase name="MAHA_TC02_TC_BlankLoginVerificationTest" time="17.853" classname="com.adactin.Mobileapphoteladactin1.tests.BlankLoginVerificationTest"/>
  <system-out/>
</testsuite> <!-- com.adactin.Mobileapphoteladactin1.tests.BlankLoginVerificationTest -->
