<?xml version="1.0" encoding="UTF-8"?>
<!-- Generated by org.testng.reporters.JUnitReportReporter -->
<testsuite skipped="0" hostname="Aswins-Air" name="com.adactin.Mobileapphoteladactin1.tests.SearchHotel_Location" tests="1" failures="0" timestamp="2020-07-24T12:38:56 AEST" time="27.076" errors="0">
  <testcase name="MAHA_TC04_TC_SearchHotel_LocationTest" time="27.076" classname="com.adactin.Mobileapphoteladactin1.tests.SearchHotel_Location"/>
  <system-out/>
</testsuite> <!-- com.adactin.Mobileapphoteladactin1.tests.SearchHotel_Location -->
