<?xml version="1.0" encoding="UTF-8"?>
<!-- Generated by org.testng.reporters.JUnitReportReporter -->
<testsuite skipped="0" hostname="Aswins-MacBook-Air.local" name="com.adactin.Mobileapphoteladactin1.tests.ValidLoginVerificationTest" tests="1" failures="0" timestamp="2020-07-29T17:03:16 AEST" time="12.673" errors="0">
  <testcase name="MAHA_TC03_TC_ValidLoginVerificationTest" time="12.673" classname="com.adactin.Mobileapphoteladactin1.tests.ValidLoginVerificationTest"/>
  <system-out/>
</testsuite> <!-- com.adactin.Mobileapphoteladactin1.tests.ValidLoginVerificationTest -->
