<?xml version="1.0" encoding="UTF-8"?>
<!-- Generated by org.testng.reporters.JUnitReportReporter -->
<testsuite skipped="0" hostname="Aswins-MacBook-Air.local" name="com.adactin.Mobileapphoteladactin1.tests.SearchHotel_AllFields" tests="1" failures="0" timestamp="2020-07-29T17:03:06 AEST" time="30.889" errors="0">
  <testcase name="MAHA_TC03_TC_SearchHotel_AllFieldsTest" time="30.889" classname="com.adactin.Mobileapphoteladactin1.tests.SearchHotel_AllFields"/>
  <system-out/>
</testsuite> <!-- com.adactin.Mobileapphoteladactin1.tests.SearchHotel_AllFields -->
