<?xml version="1.0" encoding="UTF-8"?>
<!-- Generated by org.testng.reporters.JUnitReportReporter -->
<testsuite skipped="0" hostname="Aswins-MacBook-Air.local" name="com.adactin.Mobileapphoteladactin.tests.SearchHotel_BlankFields" tests="1" failures="0" timestamp="2020-08-05T12:58:55 AEST" time="20.755" errors="0">
  <testcase name="MAHA_TC03_TC_SearchHotel_BlankFieldsTest" time="20.755" classname="com.adactin.Mobileapphoteladactin.tests.SearchHotel_BlankFields"/>
  <system-out/>
</testsuite> <!-- com.adactin.Mobileapphoteladactin.tests.SearchHotel_BlankFields -->
