<?xml version="1.0" encoding="UTF-8"?>
<!-- Generated by org.testng.reporters.JUnitReportReporter -->
<testsuite skipped="0" hostname="Aswins-Air" name="com.adactin.Mobileapphoteladactin1.tests.ViewBookedHotelDetails" tests="1" failures="0" timestamp="2020-07-28T17:05:19 AEST" time="25.922" errors="0">
  <testcase name="User_is_able_to_view_itinerary" time="25.922" classname="com.adactin.Mobileapphoteladactin1.tests.ViewBookedHotelDetails"/>
  <system-out/>
</testsuite> <!-- com.adactin.Mobileapphoteladactin1.tests.ViewBookedHotelDetails -->
