<?xml version="1.0" encoding="UTF-8"?>
<!-- Generated by org.testng.reporters.JUnitReportReporter -->
<testsuite skipped="0" hostname="Aswins-MacBook-Air.local" name="com.adactin.Mobileapphoteladactin.tests.BookHotelVerificationTest" tests="1" failures="0" timestamp="2020-08-05T13:23:12 AEST" time="146.661" errors="0">
  <testcase name="User_is_able_to_book_a_hotel" time="146.661" classname="com.adactin.Mobileapphoteladactin.tests.BookHotelVerificationTest"/>
  <system-out/>
</testsuite> <!-- com.adactin.Mobileapphoteladactin.tests.BookHotelVerificationTest -->
