<?xml version="1.0" encoding="UTF-8"?>
<!-- Generated by org.testng.reporters.JUnitReportReporter -->
<testsuite skipped="0" hostname="Aswins-Air" name="com.adactin.Mobileapphoteladactin.tests.HotelDropdownVerification" tests="1" failures="0" timestamp="2020-08-03T15:38:04 AEST" time="19.025" errors="0">
  <testcase name="User_is_able_to_view_list_of_hotels_in_the_drop_down_menu" time="19.025" classname="com.adactin.Mobileapphoteladactin.tests.HotelDropdownVerification"/>
  <system-out/>
</testsuite> <!-- com.adactin.Mobileapphoteladactin.tests.HotelDropdownVerification -->
