<?xml version="1.0" encoding="UTF-8"?>
<!-- Generated by org.testng.reporters.JUnitReportReporter -->
<testsuite skipped="0" hostname="Aswins-Air" name="com.adactin.Mobileapphoteladactin.tests.SelectedHotelGoBack" tests="1" failures="0" timestamp="2020-08-06T12:44:52 AEST" time="25.171" errors="0">
  <testcase name="User_is_able_to_go_back_to_the_result_of_the_search_hotel_screen_by_clicking_the_back_arrow_button" time="25.171" classname="com.adactin.Mobileapphoteladactin.tests.SelectedHotelGoBack"/>
  <system-out/>
</testsuite> <!-- com.adactin.Mobileapphoteladactin.tests.SelectedHotelGoBack -->
