<?xml version="1.0" encoding="UTF-8"?>
<!-- Generated by org.testng.reporters.JUnitReportReporter -->
<testsuite skipped="0" hostname="Aswins-MacBook-Air.local" name="com.adactin.Mobileapphoteladactin.tests.CheckinDateCancelVerification" tests="1" failures="0" timestamp="2020-08-05T12:58:25 AEST" time="20.112" errors="0">
  <testcase name="User_is_able_to_click_cancel_link_in_the_check_in_date" time="20.112" classname="com.adactin.Mobileapphoteladactin.tests.CheckinDateCancelVerification"/>
  <system-out/>
</testsuite> <!-- com.adactin.Mobileapphoteladactin.tests.CheckinDateCancelVerification -->
