<?xml version="1.0" encoding="UTF-8"?>
<!-- Generated by org.testng.reporters.JUnitReportReporter -->
<testsuite skipped="0" hostname="Aswins-MacBook-Air.local" name="com.adactin.Mobileapphoteladactin.tests.BookingConfirmationScreenScroll" tests="1" failures="0" timestamp="2020-08-06T16:07:11 AEST" time="147.060" errors="0">
  <testcase name="User_is_able_to_scroll_up_and_down_the_Booking_confirmation_screen" time="147.060" classname="com.adactin.Mobileapphoteladactin.tests.BookingConfirmationScreenScroll"/>
  <system-out/>
</testsuite> <!-- com.adactin.Mobileapphoteladactin.tests.BookingConfirmationScreenScroll -->
