<?xml version="1.0" encoding="UTF-8"?>
<!-- Generated by org.testng.reporters.JUnitReportReporter -->
<testsuite skipped="0" hostname="Aswins-Air" name="com.adactin.Mobileapphoteladactin1.tests.BookingCancelationVerification" tests="1" failures="0" timestamp="2020-07-16T16:30:17 AEST" time="22.618" errors="0">
  <testcase name="User_is_able_to_cancel_a_hotel_booking" time="22.618" classname="com.adactin.Mobileapphoteladactin1.tests.BookingCancelationVerification"/>
  <system-out/>
</testsuite> <!-- com.adactin.Mobileapphoteladactin1.tests.BookingCancelationVerification -->
