<?xml version="1.0" encoding="UTF-8"?>
<!-- Generated by org.testng.reporters.JUnitReportReporter -->
<testsuite skipped="0" hostname="Aswins-MacBook-Air.local" name="com.adactin.Mobileapphoteladactin1.tests.SearchHotel_BlankFields" tests="1" failures="0" timestamp="2020-07-29T17:03:21 AEST" time="18.756" errors="0">
  <testcase name="MAHA_TC03_TC_SearchHotel_BlankFieldsTest" time="18.756" classname="com.adactin.Mobileapphoteladactin1.tests.SearchHotel_BlankFields"/>
  <system-out/>
</testsuite> <!-- com.adactin.Mobileapphoteladactin1.tests.SearchHotel_BlankFields -->
