<?xml version="1.0" encoding="UTF-8"?>
<!-- Generated by org.testng.reporters.JUnitReportReporter -->
<testsuite skipped="0" hostname="Aswins-MacBook-Air.local" name="com.adactin.Mobileapphoteladactin1.tests.ForgotPasswordVerification" tests="1" failures="0" timestamp="2020-07-24T09:54:51 AEST" time="25.062" errors="0">
  <testcase name="User_is_able_to_send_email" time="25.062" classname="com.adactin.Mobileapphoteladactin1.tests.ForgotPasswordVerification"/>
  <system-out/>
</testsuite> <!-- com.adactin.Mobileapphoteladactin1.tests.ForgotPasswordVerification -->
