<?xml version="1.0" encoding="UTF-8"?>
<!-- Generated by org.testng.reporters.JUnitReportReporter -->
<testsuite skipped="0" hostname="Aswins-Air" name="com.adactin.Mobileapphoteladactin1.tests.InvalidLoginVerificationTest" tests="1" failures="0" timestamp="2020-07-23T13:44:03 AEST" time="17.710" errors="0">
  <testcase name="MAHA_TC01_TC_InvalidLoginVerification" time="17.710" classname="com.adactin.Mobileapphoteladactin1.tests.InvalidLoginVerificationTest"/>
  <system-out/>
</testsuite> <!-- com.adactin.Mobileapphoteladactin1.tests.InvalidLoginVerificationTest -->
