<?xml version="1.0" encoding="UTF-8"?>
<!-- Generated by org.testng.reporters.JUnitReportReporter -->
<testsuite skipped="0" hostname="Aswins-MacBook-Air.local" name="com.adactin.Mobileapphoteladactin.tests.InvalidLoginVerificationTest" tests="1" failures="0" timestamp="2020-08-05T12:59:55 AEST" time="16.012" errors="0">
  <testcase name="MAHA_TC01_TC_InvalidLoginVerification" time="16.012" classname="com.adactin.Mobileapphoteladactin.tests.InvalidLoginVerificationTest"/>
  <system-out/>
</testsuite> <!-- com.adactin.Mobileapphoteladactin.tests.InvalidLoginVerificationTest -->
