<?xml version="1.0" encoding="UTF-8"?>
<!-- Generated by org.testng.reporters.JUnitReportReporter -->
<testsuite skipped="0" hostname="Aswins-MacBook-Air.local" name="com.adactin.Mobileapphoteladactin.tests.SelectHotelVerification" tests="1" failures="0" timestamp="2020-08-05T13:23:02 AEST" time="44.157" errors="0">
  <testcase name="User_is_able_to_select_hotel" time="44.157" classname="com.adactin.Mobileapphoteladactin.tests.SelectHotelVerification"/>
  <system-out/>
</testsuite> <!-- com.adactin.Mobileapphoteladactin.tests.SelectHotelVerification -->
