<?xml version="1.0" encoding="UTF-8"?>
<!-- Generated by org.testng.reporters.JUnitReportReporter -->
<testsuite skipped="0" hostname="Aswins-MacBook-Air.local" name="com.adactin.Mobileapphoteladactin.tests.BlankLoginVerificationTest" tests="1" failures="0" timestamp="2020-08-05T12:59:25 AEST" time="17.738" errors="0">
  <testcase name="MAHA_TC02_TC_BlankLoginVerificationTest" time="17.738" classname="com.adactin.Mobileapphoteladactin.tests.BlankLoginVerificationTest"/>
  <system-out/>
</testsuite> <!-- com.adactin.Mobileapphoteladactin.tests.BlankLoginVerificationTest -->
