<?xml version="1.0" encoding="UTF-8"?>
<!-- Generated by org.testng.reporters.JUnitReportReporter -->
<testsuite skipped="0" hostname="Aswins-Air" name="com.adactin.Mobileapphoteladactin1.tests.ResetSearchVerification" tests="1" failures="0" timestamp="2020-07-24T12:33:14 AEST" time="42.192" errors="0">
  <testcase name="User_is_able_to_reset_the_search_criteria" time="42.192" classname="com.adactin.Mobileapphoteladactin1.tests.ResetSearchVerification"/>
  <system-out/>
</testsuite> <!-- com.adactin.Mobileapphoteladactin1.tests.ResetSearchVerification -->
