<?xml version="1.0" encoding="UTF-8"?>
<!-- Generated by org.testng.reporters.JUnitReportReporter -->
<testsuite skipped="0" hostname="Aswins-MacBook-Air.local" name="com.adactin.Mobileapphoteladactin1.tests.SelectHotelVerification" tests="1" failures="0" timestamp="2020-07-14T13:32:16 AEST" time="44.964" errors="0">
  <testcase name="User_is_able_to_select_hotel" time="44.964" classname="com.adactin.Mobileapphoteladactin1.tests.SelectHotelVerification"/>
  <system-out/>
</testsuite> <!-- com.adactin.Mobileapphoteladactin1.tests.SelectHotelVerification -->
