<?xml version="1.0" encoding="UTF-8"?>
<!-- Generated by org.testng.reporters.JUnitReportReporter -->
<testsuite skipped="0" hostname="Aswins-MacBook-Air.local" name="com.adactin.Mobileapphoteladactin1.tests.ResetSearchVerification" tests="1" failures="0" timestamp="2020-07-13T11:46:11 AEST" time="43.240" errors="0">
  <testcase name="User_is_able_to_reset_the_search_criteria" time="43.240" classname="com.adactin.Mobileapphoteladactin1.tests.ResetSearchVerification"/>
  <system-out/>
</testsuite> <!-- com.adactin.Mobileapphoteladactin1.tests.ResetSearchVerification -->
