<?xml version="1.0" encoding="UTF-8"?>
<!-- Generated by org.testng.reporters.JUnitReportReporter -->
<testsuite skipped="0" hostname="Aswins-Air" name="com.adactin.Mobileapphoteladactin.tests.RoomNoDropdownVerification" tests="1" failures="0" timestamp="2020-08-03T16:07:44 AEST" time="23.244" errors="0">
  <testcase name="User_is_able_to_view_the_list_of_options_in_the_Number_of_Rooms_drop_down_menu" time="23.244" classname="com.adactin.Mobileapphoteladactin.tests.RoomNoDropdownVerification"/>
  <system-out/>
</testsuite> <!-- com.adactin.Mobileapphoteladactin.tests.RoomNoDropdownVerification -->
