<?xml version="1.0" encoding="UTF-8"?>
<!-- Generated by org.testng.reporters.JUnitReportReporter -->
<testsuite skipped="0" hostname="Aswins-MacBook-Air.local" name="com.adactin.Mobileapphoteladactin1.tests.LogoutVerification" tests="1" failures="0" timestamp="2020-07-29T17:03:11 AEST" time="15.723" errors="0">
  <testcase name="User_is_able_to_logout" time="15.723" classname="com.adactin.Mobileapphoteladactin1.tests.LogoutVerification"/>
  <system-out/>
</testsuite> <!-- com.adactin.Mobileapphoteladactin1.tests.LogoutVerification -->
