<?xml version="1.0" encoding="UTF-8"?>
<!-- Generated by org.testng.reporters.JUnitReportReporter -->
<testsuite skipped="0" hostname="Aswins-MacBook-Air.local" name="com.adactin.Mobileapphoteladactin.tests.SearchHotel_AllFields" tests="1" failures="0" timestamp="2020-08-05T12:59:40 AEST" time="36.426" errors="0">
  <testcase name="MAHA_TC03_TC_SearchHotel_AllFieldsTest" time="36.426" classname="com.adactin.Mobileapphoteladactin.tests.SearchHotel_AllFields"/>
  <system-out/>
</testsuite> <!-- com.adactin.Mobileapphoteladactin.tests.SearchHotel_AllFields -->
