<?xml version="1.0" encoding="UTF-8"?>
<!-- Generated by org.testng.reporters.JUnitReportReporter -->
<testsuite skipped="0" hostname="Aswins-Air" name="com.adactin.Mobileapphoteladactin1.tests.SearchHotel_LocationHotelName" tests="1" failures="0" timestamp="2020-07-24T12:38:56 AEST" time="25.001" errors="0">
  <testcase name="User_is_able_to_search_hotel_with_location_and_hotelname" time="25.001" classname="com.adactin.Mobileapphoteladactin1.tests.SearchHotel_LocationHotelName"/>
  <system-out/>
</testsuite> <!-- com.adactin.Mobileapphoteladactin1.tests.SearchHotel_LocationHotelName -->
