<?xml version="1.0" encoding="UTF-8"?>
<!-- Generated by org.testng.reporters.JUnitReportReporter -->
<testsuite skipped="0" hostname="Aswins-MacBook-Air.local" name="com.adactin.Mobileapphoteladactin.tests.SearchHotel_Location" tests="1" failures="0" timestamp="2020-08-05T12:59:35 AEST" time="21.363" errors="0">
  <testcase name="MAHA_TC04_TC_SearchHotel_LocationTest" time="21.363" classname="com.adactin.Mobileapphoteladactin.tests.SearchHotel_Location"/>
  <system-out/>
</testsuite> <!-- com.adactin.Mobileapphoteladactin.tests.SearchHotel_Location -->
