<?xml version="1.0" encoding="UTF-8"?>
<!-- Generated by org.testng.reporters.JUnitReportReporter -->
<testsuite skipped="0" hostname="Aswins-MacBook-Air.local" name="com.adactin.Mobileapphoteladactin.tests.SearchHotelScrollVerification" tests="1" failures="0" timestamp="2020-08-05T13:00:01 AEST" time="17.451" errors="0">
  <testcase name="User_is_able_to_scroll_down_and_up_on_the_search_hotel_screen" time="17.451" classname="com.adactin.Mobileapphoteladactin.tests.SearchHotelScrollVerification"/>
  <system-out/>
</testsuite> <!-- com.adactin.Mobileapphoteladactin.tests.SearchHotelScrollVerification -->
