<?xml version="1.0" encoding="UTF-8"?>
<!-- Generated by org.testng.reporters.JUnitReportReporter -->
<testsuite skipped="0" hostname="Aswins-MacBook-Air.local" name="com.adactin.Mobileapphoteladactin1.tests.InvalidLoginVerificationTest" tests="1" failures="0" timestamp="2020-07-29T17:02:46 AEST" time="13.675" errors="0">
  <testcase name="MAHA_TC01_TC_InvalidLoginVerification" time="13.675" classname="com.adactin.Mobileapphoteladactin1.tests.InvalidLoginVerificationTest"/>
  <system-out/>
</testsuite> <!-- com.adactin.Mobileapphoteladactin1.tests.InvalidLoginVerificationTest -->
