<?xml version="1.0" encoding="UTF-8"?>
<!-- Generated by org.testng.reporters.JUnitReportReporter -->
<testsuite skipped="0" hostname="Aswins-Air" name="com.adactin.Mobileapphoteladactin1.tests.User_is_not_able_to_login_for_invalid_credentials" tests="1" failures="0" timestamp="2020-06-26T12:12:34 AEST" time="16.325" errors="0">
  <testcase name="User_is_not_able_to_login_for_invalid_credentials" time="16.325" classname="com.adactin.Mobileapphoteladactin1.tests.User_is_not_able_to_login_for_invalid_credentials"/>
  <system-out/>
</testsuite> <!-- com.adactin.Mobileapphoteladactin1.tests.User_is_not_able_to_login_for_invalid_credentials -->
