<?xml version="1.0" encoding="UTF-8"?>
<!-- Generated by org.testng.reporters.JUnitReportReporter -->
<testsuite skipped="0" hostname="Aswins-MacBook-Air.local" name="com.adactin.Mobileapphoteladactin.tests.ValidLoginVerificationTest" tests="1" failures="0" timestamp="2020-08-05T13:00:16 AEST" time="16.253" errors="0">
  <testcase name="MAHA_TC03_TC_ValidLoginVerificationTest" time="16.253" classname="com.adactin.Mobileapphoteladactin.tests.ValidLoginVerificationTest"/>
  <system-out/>
</testsuite> <!-- com.adactin.Mobileapphoteladactin.tests.ValidLoginVerificationTest -->
