<?xml version="1.0" encoding="UTF-8"?>
<!-- Generated by org.testng.reporters.JUnitReportReporter -->
<testsuite skipped="0" hostname="Aswins-MacBook-Air.local" name="com.adactin.Mobileapphoteladactin1.tests.BookHotelVerificationTest" tests="1" failures="0" timestamp="2020-07-29T17:02:41 AEST" time="129.299" errors="0">
  <testcase name="User_is_able_to_book_a_hotel" time="129.299" classname="com.adactin.Mobileapphoteladactin1.tests.BookHotelVerificationTest"/>
  <system-out/>
</testsuite> <!-- com.adactin.Mobileapphoteladactin1.tests.BookHotelVerificationTest -->
