<?xml version="1.0" encoding="UTF-8"?>
<!-- Generated by org.testng.reporters.JUnitReportReporter -->
<testsuite skipped="0" hostname="Aswins-MacBook-Air.local" name="com.adactin.Mobileapphoteladactin.tests.ForgotPasswordVerification" tests="1" failures="0" timestamp="2020-08-05T12:59:10 AEST" time="23.051" errors="0">
  <testcase name="User_is_able_to_send_email" time="23.051" classname="com.adactin.Mobileapphoteladactin.tests.ForgotPasswordVerification"/>
  <system-out/>
</testsuite> <!-- com.adactin.Mobileapphoteladactin.tests.ForgotPasswordVerification -->
