<?xml version="1.0" encoding="UTF-8"?>
<!-- Generated by org.testng.reporters.JUnitReportReporter -->
<testsuite skipped="0" hostname="Aswins-Air" name="com.adactin.Mobileapphoteladactin1.tests.BlankLoginVerificationTest" tests="1" failures="0" timestamp="2020-06-26T15:22:07 AEST" time="14.959" errors="0">
  <testcase name="MAHA_TC02_TC_BlankLoginVerificationTest" time="14.959" classname="com.adactin.Mobileapphoteladactin1.tests.BlankLoginVerificationTest"/>
  <system-out/>
</testsuite> <!-- com.adactin.Mobileapphoteladactin1.tests.BlankLoginVerificationTest -->
