<?xml version="1.0" encoding="UTF-8"?>
<!-- Generated by org.testng.reporters.JUnitReportReporter -->
<testsuite skipped="0" hostname="Aswins-Air" name="com.adactin.Mobileapphoteladactin1.tests.ForgotPasswordVerification" tests="1" failures="0" timestamp="2020-07-28T15:04:02 AEST" time="20.079" errors="0">
  <testcase name="User_is_able_to_send_email" time="20.079" classname="com.adactin.Mobileapphoteladactin1.tests.ForgotPasswordVerification"/>
  <system-out/>
</testsuite> <!-- com.adactin.Mobileapphoteladactin1.tests.ForgotPasswordVerification -->
