<?xml version="1.0" encoding="UTF-8"?>
<!-- Generated by org.testng.reporters.JUnitReportReporter -->
<testsuite skipped="0" hostname="Aswins-MacBook-Air.local" name="com.adactin.Mobileapphoteladactin.tests.CheckinDateValidation" tests="1" failures="0" timestamp="2020-08-04T11:58:09 AEST" time="23.711" errors="0">
  <testcase name="User_is_able_to_enter_check_in_date_in_the_check_in_date_field" time="23.711" classname="com.adactin.Mobileapphoteladactin.tests.CheckinDateValidation"/>
  <system-out/>
</testsuite> <!-- com.adactin.Mobileapphoteladactin.tests.CheckinDateValidation -->
