<?xml version="1.0" encoding="UTF-8"?>
<!-- Generated by org.testng.reporters.JUnitReportReporter -->
<testsuite skipped="0" hostname="Aswins-MacBook-Air.local" name="com.adactin.Mobileapphoteladactin.tests.CheckoutDateValidation" tests="1" failures="0" timestamp="2020-08-05T12:58:50 AEST" time="22.684" errors="0">
  <testcase name="User_should_be_able_to_enter_date_in_the_Check_out_date_field" time="22.684" classname="com.adactin.Mobileapphoteladactin.tests.CheckoutDateValidation"/>
  <system-out/>
</testsuite> <!-- com.adactin.Mobileapphoteladactin.tests.CheckoutDateValidation -->
