<?xml version="1.0" encoding="UTF-8"?>
<!-- Generated by org.testng.reporters.JUnitReportReporter -->
<testsuite skipped="0" hostname="Aswins-MacBook-Air.local" name="com.adactin.Mobileapphoteladactin.tests.AdultsPerRoomVerification" tests="1" failures="0" timestamp="2020-08-05T12:58:35 AEST" time="19.663" errors="0">
  <testcase name="User_is_able_to_view_the_list_in_the_Adults_per_Room_drop_down_menu" time="19.663" classname="com.adactin.Mobileapphoteladactin.tests.AdultsPerRoomVerification"/>
  <system-out/>
</testsuite> <!-- com.adactin.Mobileapphoteladactin.tests.AdultsPerRoomVerification -->
